<?xml version="1.0" encoding="UTF-8"?>
<!-- Generated by org.testng.reporters.JUnitXMLReporter -->
<testsuite hostname="DESKTOP-6FTF0UD" ignored="0" name="Test" tests="1" failures="1" timestamp="05 Jan 2020 05:57:52 GMT" time="43.98" errors="0">
  <testcase name="loginWithValidCredentials" time="10.786" classname="com.demo.test.NinjaStoreLoginTest">
    <failure type="java.lang.AssertionError" message="Validating edit accout text Expected is :Edit Account123, Actual Value : Edit Account expected [Edit Account123] but found [Edit Account]">
      <![CDATA[java.lang.AssertionError: Validating edit accout text Expected is :Edit Account123, Actual Value : Edit Account expected [Edit Account123] but found [Edit Account]
at com.demo.actions.SeleniumWrappers.verifyTest(SeleniumWrappers.java:58)
at com.demo.actions.NinjaStoreLoginAction.amzonlogin(NinjaStoreLoginAction.java:35)
at com.demo.test.NinjaStoreLoginTest.loginWithValidCredentials(NinjaStoreLoginTest.java:15)
... Removed 30 stack frames]]>
    </failure>
  </testcase> <!-- loginWithValidCredentials -->
</testsuite> <!-- Test -->
